<?xml version="1.0" encoding="UTF-8"?>
<!-- Generated by org.testng.reporters.JUnitXMLReporter -->
<testsuite ignored="2" hostname="DESKTOP-VSMHV7S" failures="1" tests="4" name="Test" time="14.683" errors="0" timestamp="2022-08-05T15:38:53 IST">
  <testcase classname="tests.LoginTest" name="verifybuttontext" time="0.105">
    <failure type="java.lang.AssertionError" message="The following asserts failed:
	expected [LOGIN] but found []">
      <![CDATA[java.lang.AssertionError: The following asserts failed:
expected [LOGIN] but found []
at tests.LoginTest.verifybuttontext(LoginTest.java:35)
at java.base/java.util.ArrayList.forEach(ArrayList.java:1511)
... Removed 29 stack frames]]>
    </failure>
  </testcase> <!-- verifybuttontext -->
  <testcase classname="tests.LoginTest" name="login" time="9.949"/>
  <testcase classname="tests.HomePageTest" name="goToTab" time="1.946"/>
  <testcase classname="tests.HomePageTest" name="logout" time="1.539"/>
  <testcase classname="tests.BaseTest" name="@AfterSuite tearDown" time="0.0">
    <ignored/>
  </testcase> <!-- @AfterSuite tearDown -->
  <testcase classname="tests.BaseTest" name="@BeforeSuite init" time="0.0">
    <ignored/>
  </testcase> <!-- @BeforeSuite init -->
</testsuite> <!-- Test -->
